Downloading http://yann.lecun.com/exdb/mnist/train-images-idx3-ubyte.gz to /mnist_data/MNIST/raw/train-images-idx3-ubyte.gz
9920512/? [00:03<00:00, 3044371.39it/s]
Extracting /mnist_data/MNIST/raw/train-images-idx3-ubyte.gz to /mnist_data/MNIST/raw
Downloading http://yann.lecun.com/exdb/mnist/train-labels-idx1-ubyte.gz to /mnist_data/MNIST/raw/train-labels-idx1-ubyte.gz
32768/? [00:01<00:00, 19213.97it/s]
Extracting /mnist_data/MNIST/raw/train-labels-idx1-ubyte.gz to /mnist_data/MNIST/raw
Downloading http://yann.lecun.com/exdb/mnist/t10k-images-idx3-ubyte.gz to /mnist_data/MNIST/raw/t10k-images-idx3-ubyte.gz
1654784/? [00:01<00:00, 1444298.14it/s]
Extracting /mnist_data/MNIST/raw/t10k-images-idx3-ubyte.gz to /mnist_data/MNIST/raw
Downloading http://yann.lecun.com/exdb/mnist/t10k-labels-idx1-ubyte.gz to /mnist_data/MNIST/raw/t10k-labels-idx1-ubyte.gz
8192/? [00:00<00:00, 22831.27it/s]
Extracting /mnist_data/MNIST/raw/t10k-labels-idx1-ubyte.gz to /mnist_data/MNIST/raw
Processing...
Done!


/pytorch/torch/csrc/utils/tensor_numpy.cpp:141: UserWarning: The given NumPy array is not writeable, and PyTorch does not support non-writeable tensors. This means you can write to the underlying (supposedly non-writeable) NumPy array using the tensor. You may want to copy the array to protect its data or make it writeable before converting it to a tensor. This type of warning will be suppressed for the rest of this program.


ready
/usr/local/lib/python3.6/dist-packages/torch/nn/modules/loss.py:516: UserWarning: Using a target size (torch.Size([128])) that is different to the input size (torch.Size([128, 1])) is deprecated. Please ensure they have the same size.
  return F.binary_cross_entropy(input, target, weight=self.weight, reduction=self.reduction)
/usr/local/lib/python3.6/dist-packages/torch/nn/modules/loss.py:516: UserWarning: Using a target size (torch.Size([16])) that is different to the input size (torch.Size([16, 1])) is deprecated. Please ensure they have the same size.
  return F.binary_cross_entropy(input, target, weight=self.weight, reduction=self.reduction)
[Epoch 1]
1> discriminator - on real image
Loss : 0.24, train_acc : 0.0, test_acc : 0.0
2> generator - creating fake image
Loss : 4.4, acc : 0.0
[Epoch 2]
1> discriminator - on real image
Loss : 0.059, train_acc : 0.0, test_acc : 0.0
2> generator - creating fake image
Loss : 8.5, acc : 0.0
[Epoch 3]
1> discriminator - on real image
Loss : 0.051, train_acc : 0.0, test_acc : 0.0
2> generator - creating fake image
Loss : 8.9, acc : 0.0
[Epoch 5]
1> discriminator - on real image
Loss : 0.041, train_acc : 0.0, test_acc : 0.0
2> generator - creating fake image
Loss : 1e+01, acc : 0.0
[Epoch 6]
1> discriminator - on real image
Loss : 0.077, train_acc : 0.0, test_acc : 0.0
2> generator - creating fake image
Loss : 7.2, acc : 0.0
[Epoch 7]
1> discriminator - on real image
Loss : 0.044, train_acc : 0.0, test_acc : 0.0
2> generator - creating fake image
Loss : 6.1, acc : 0.0
[Epoch 8]
1> discriminator - on real image
Loss : 0.058, train_acc : 0.0, test_acc : 0.0
2> generator - creating fake image
Loss : 4.1, acc : 0.0
[Epoch 10]
1> discriminator - on real image
Loss : 0.099, train_acc : 0.0, test_acc : 0.0
2> generator - creating fake image
Loss : 4.2, acc : 0.0
[Epoch 11]
1> discriminator - on real image
Loss : 0.039, train_acc : 0.0, test_acc : 5e-05
2> generator - creating fake image
Loss : 3.7, acc : 0.0
[Epoch 12]
1> discriminator - on real image
Loss : 0.033, train_acc : 0.0078, test_acc : 0.012
2> generator - creating fake image
Loss : 3.8, acc : 0.0
[Epoch 13]
1> discriminator - on real image
Loss : 0.014, train_acc : 0.086, test_acc : 0.091
2> generator - creating fake image
Loss : 4.0, acc : 0.0
[Epoch 15]
1> discriminator - on real image
Loss : 0.014, train_acc : 0.23, test_acc : 0.19
2> generator - creating fake image
Loss : 4.7, acc : 0.0
[Epoch 16]
1> discriminator - on real image
Loss : 0.033, train_acc : 0.15, test_acc : 0.18
2> generator - creating fake image
Loss : 4.8, acc : 0.0
[Epoch 17]
1> discriminator - on real image
Loss : 0.012, train_acc : 0.19, test_acc : 0.13
2> generator - creating fake image
Loss : 5.0, acc : 0.0
[Epoch 18]
1> discriminator - on real image
Loss : 0.039, train_acc : 0.14, test_acc : 0.087
2> generator - creating fake image
Loss : 5.2, acc : 0.0
[Epoch 20]
1> discriminator - on real image
Loss : 0.013, train_acc : 0.1, test_acc : 0.1
2> generator - creating fake image
Loss : 5.1, acc : 0.0
[Epoch 21]
1> discriminator - on real image
Loss : 0.035, train_acc : 0.07, test_acc : 0.072
2> generator - creating fake image
Loss : 5.1, acc : 0.0
[Epoch 22]
1> discriminator - on real image
Loss : 0.007, train_acc : 0.11, test_acc : 0.08
2> generator - creating fake image
Loss : 4.6, acc : 0.0
[Epoch 24]
1> discriminator - on real image
Loss : 0.029, train_acc : 0.094, test_acc : 0.086
2> generator - creating fake image
Loss : 5.1, acc : 0.0
[Epoch 25]
1> discriminator - on real image
Loss : 0.033, train_acc : 0.094, test_acc : 0.085
2> generator - creating fake image
Loss : 4.8, acc : 0.0
[Epoch 26]
1> discriminator - on real image
Loss : 0.0091, train_acc : 0.15, test_acc : 0.11
2> generator - creating fake image
Loss : 5.5, acc : 0.0
[Epoch 27]
1> discriminator - on real image
Loss : 0.0058, train_acc : 0.14, test_acc : 0.12
2> generator - creating fake image
Loss : 5.2, acc : 0.0
[Epoch 29]
1> discriminator - on real image
Loss : 0.023, train_acc : 0.086, test_acc : 0.1
2> generator - creating fake image
Loss : 5.1, acc : 0.0
[Epoch 30]
1> discriminator - on real image
Loss : 0.058, train_acc : 0.055, test_acc : 0.063
2> generator - creating fake image
Loss : 5.5, acc : 0.0
[Epoch 31]
1> discriminator - on real image
Loss : 0.011, train_acc : 0.062, test_acc : 0.07
2> generator - creating fake image
Loss : 5.2, acc : 0.0
[Epoch 32]
1> discriminator - on real image
Loss : 0.0036, train_acc : 0.1, test_acc : 0.15
2> generator - creating fake image
Loss : 5.1, acc : 0.0
[Epoch 34]
1> discriminator - on real image
Loss : 0.00093, train_acc : 0.086, test_acc : 0.09
2> generator - creating fake image
Loss : 5.9, acc : 0.0
[Epoch 35]
1> discriminator - on real image
Loss : 0.022, train_acc : 0.055, test_acc : 0.07
2> generator - creating fake image
Loss : 5.9, acc : 0.0
[Epoch 36]
1> discriminator - on real image
Loss : 0.0091, train_acc : 0.078, test_acc : 0.088
2> generator - creating fake image
Loss : 5.1, acc : 0.0
[Epoch 37]
1> discriminator - on real image
Loss : 0.016, train_acc : 0.047, test_acc : 0.093
2> generator - creating fake image
Loss : 5.6, acc : 0.0
[Epoch 39]
1> discriminator - on real image
Loss : 0.029, train_acc : 0.14, test_acc : 0.1
2> generator - creating fake image
Loss : 5.5, acc : 0.0
[Epoch 40]
1> discriminator - on real image
Loss : 0.0075, train_acc : 0.086, test_acc : 0.13
2> generator - creating fake image
Loss : 5.6, acc : 0.0
[Epoch 41]
1> discriminator - on real image
Loss : 0.041, train_acc : 0.16, test_acc : 0.17
2> generator - creating fake image
Loss : 6.8, acc : 0.0
[Epoch 43]
1> discriminator - on real image
Loss : 0.029, train_acc : 0.15, test_acc : 0.16
2> generator - creating fake image
Loss : 5.5, acc : 0.0
[Epoch 44]
1> discriminator - on real image
Loss : 0.004, train_acc : 0.12, test_acc : 0.14
2> generator - creating fake image
Loss : 6.1, acc : 0.0
[Epoch 45]
1> discriminator - on real image
Loss : 0.078, train_acc : 0.17, test_acc : 0.14
2> generator - creating fake image
Loss : 6.2, acc : 0.0
[Epoch 46]
1> discriminator - on real image
Loss : 0.0063, train_acc : 0.22, test_acc : 0.17
2> generator - creating fake image
Loss : 6.0, acc : 0.0
[Epoch 48]
1> discriminator - on real image
Loss : 0.022, train_acc : 0.22, test_acc : 0.15
2> generator - creating fake image
Loss : 6.1, acc : 0.0
[Epoch 49]
1> discriminator - on real image
Loss : 0.034, train_acc : 0.12, test_acc : 0.16
2> generator - creating fake image
Loss : 6.2, acc : 0.0
[Epoch 50]
1> discriminator - on real image
Loss : 0.015, train_acc : 0.15, test_acc : 0.17
2> generator - creating fake image
Loss : 5.6, acc : 0.0
[Epoch 51]
1> discriminator - on real image
Loss : 0.0035, train_acc : 0.3, test_acc : 0.24
2> generator - creating fake image
Loss : 6.6, acc : 0.0
[Epoch 53]
1> discriminator - on real image
Loss : 0.1, train_acc : 0.23, test_acc : 0.18
2> generator - creating fake image
Loss : 6.3, acc : 0.0
[Epoch 54]
1> discriminator - on real image
Loss : 0.064, train_acc : 0.29, test_acc : 0.24
2> generator - creating fake image
Loss : 6.4, acc : 0.0
[Epoch 55]
1> discriminator - on real image
Loss : 0.00076, train_acc : 0.27, test_acc : 0.22
2> generator - creating fake image
Loss : 7.1, acc : 0.0
[Epoch 56]
1> discriminator - on real image
Loss : 0.029, train_acc : 0.25, test_acc : 0.25
2> generator - creating fake image
Loss : 6.9, acc : 0.0
[Epoch 58]
1> discriminator - on real image
Loss : 0.0024, train_acc : 0.22, test_acc : 0.29
2> generator - creating fake image
Loss : 6.4, acc : 0.0
[Epoch 59]
1> discriminator - on real image
Loss : 0.031, train_acc : 0.2, test_acc : 0.23
2> generator - creating fake image
Loss : 6.0, acc : 0.0
[Epoch 60]
1> discriminator - on real image
Loss : 0.018, train_acc : 0.32, test_acc : 0.31
2> generator - creating fake image
Loss : 6.4, acc : 0.0
[Epoch 62]
1> discriminator - on real image
Loss : 0.014, train_acc : 0.34, test_acc : 0.32
2> generator - creating fake image
Loss : 6.8, acc : 0.0
[Epoch 63]
1> discriminator - on real image
Loss : 0.0016, train_acc : 0.34, test_acc : 0.28
2> generator - creating fake image
Loss : 6.9, acc : 0.0
[Epoch 64]
1> discriminator - on real image
Loss : 0.044, train_acc : 0.34, test_acc : 0.36
2> generator - creating fake image
Loss : 5.9, acc : 0.0
[Epoch 65]
1> discriminator - on real image
Loss : 0.0025, train_acc : 0.35, test_acc : 0.34
2> generator - creating fake image
Loss : 7.0, acc : 0.0
[Epoch 67]
1> discriminator - on real image
Loss : 0.043, train_acc : 0.31, test_acc : 0.32
2> generator - creating fake image
Loss : 7.3, acc : 0.0
[Epoch 68]
1> discriminator - on real image
Loss : 0.001, train_acc : 0.41, test_acc : 0.39
2> generator - creating fake image
Loss : 6.8, acc : 0.0
[Epoch 69]
1> discriminator - on real image
Loss : 0.068, train_acc : 0.32, test_acc : 0.33
2> generator - creating fake image
Loss : 6.8, acc : 0.0
[Epoch 70]
1> discriminator - on real image
Loss : 0.024, train_acc : 0.27, test_acc : 0.28
2> generator - creating fake image
Loss : 7.1, acc : 0.0
[Epoch 72]
1> discriminator - on real image
Loss : 0.0035, train_acc : 0.26, test_acc : 0.28
2> generator - creating fake image
Loss : 6.3, acc : 0.0
[Epoch 73]
1> discriminator - on real image
Loss : 0.048, train_acc : 0.25, test_acc : 0.29
2> generator - creating fake image
Loss : 7.7, acc : 0.0
[Epoch 74]
1> discriminator - on real image
Loss : 0.0043, train_acc : 0.24, test_acc : 0.17
2> generator - creating fake image
Loss : 6.8, acc : 0.0
[Epoch 75]
1> discriminator - on real image
Loss : 0.019, train_acc : 0.13, test_acc : 0.18
2> generator - creating fake image
Loss : 7.2, acc : 0.0
[Epoch 77]
1> discriminator - on real image
Loss : 0.058, train_acc : 0.12, test_acc : 0.13
2> generator - creating fake image
Loss : 6.8, acc : 0.0
[Epoch 78]
1> discriminator - on real image
Loss : 0.08, train_acc : 0.16, test_acc : 0.16
2> generator - creating fake image
Loss : 6.0, acc : 0.0
[Epoch 79]
1> discriminator - on real image
Loss : 0.015, train_acc : 0.2, test_acc : 0.18
2> generator - creating fake image
Loss : 6.5, acc : 0.0
[Epoch 81]
1> discriminator - on real image
Loss : 0.056, train_acc : 0.25, test_acc : 0.21
2> generator - creating fake image
Loss : 6.2, acc : 0.0
[Epoch 82]
1> discriminator - on real image
Loss : 0.023, train_acc : 0.12, test_acc : 0.15
2> generator - creating fake image
Loss : 6.4, acc : 0.0
[Epoch 83]
1> discriminator - on real image
Loss : 0.01, train_acc : 0.13, test_acc : 0.13
2> generator - creating fake image
Loss : 6.0, acc : 0.0
[Epoch 84]
1> discriminator - on real image
Loss : 0.094, train_acc : 0.12, test_acc : 0.15
2> generator - creating fake image
Loss : 6.5, acc : 0.0
[Epoch 86]
1> discriminator - on real image
Loss : 0.0099, train_acc : 0.16, test_acc : 0.13
2> generator - creating fake image
Loss : 6.8, acc : 0.0
[Epoch 87]
1> discriminator - on real image
Loss : 0.0061, train_acc : 0.2, test_acc : 0.14
2> generator - creating fake image
Loss : 5.9, acc : 0.0
[Epoch 88]
1> discriminator - on real image
Loss : 0.0075, train_acc : 0.12, test_acc : 0.14
2> generator - creating fake image
Loss : 6.5, acc : 0.0
[Epoch 89]
1> discriminator - on real image
Loss : 0.0073, train_acc : 0.12, test_acc : 0.11
2> generator - creating fake image
Loss : 6.3, acc : 0.0
[Epoch 91]
1> discriminator - on real image
Loss : 0.042, train_acc : 0.16, test_acc : 0.13
2> generator - creating fake image
Loss : 7.9, acc : 0.0
[Epoch 92]
1> discriminator - on real image
Loss : 0.053, train_acc : 0.13, test_acc : 0.16
2> generator - creating fake image
Loss : 6.1, acc : 0.0
[Epoch 93]
1> discriminator - on real image
Loss : 0.024, train_acc : 0.12, test_acc : 0.14
2> generator - creating fake image
Loss : 6.7, acc : 0.0
[Epoch 94]
1> discriminator - on real image
Loss : 0.0043, train_acc : 0.12, test_acc : 0.12
2> generator - creating fake image
Loss : 6.6, acc : 0.0
[Epoch 96]
1> discriminator - on real image
Loss : 0.048, train_acc : 0.16, test_acc : 0.15
2> generator - creating fake image
Loss : 6.8, acc : 0.0
[Epoch 97]
1> discriminator - on real image
Loss : 0.036, train_acc : 0.16, test_acc : 0.12
2> generator - creating fake image
Loss : 6.3, acc : 0.0
[Epoch 98]
1> discriminator - on real image
Loss : 0.0057, train_acc : 0.094, test_acc : 0.17
2> generator - creating fake image
Loss : 6.4, acc : 0.0
[Epoch 99]
1> discriminator - on real image
Loss : 0.14, train_acc : 0.062, test_acc : 0.14
2> generator - creating fake image
Loss : 6.0, acc : 0.0
